# JRE version: Java(TM) SE Runtime Environment (8.0_211-b12) (build 1.8.0_211-b12)
# Java VM: Java HotSpot(TM) 64-Bit Server VM (25.211-b12 mixed mode linux-amd64 compressed oops)
Heap:
 PSYoungGen      total 66048K, used 5469K [0x000000076e200000, 0x0000000772a80000, 0x00000007c0000000)
  eden space 61952K, 2% used [0x000000076e200000,0x000000076e366cc0,0x0000000771e80000)
  from space 4096K, 98% used [0x0000000772000000,0x00000007723f0ae0,0x0000000772400000)
  to   space 4608K, 0% used [0x0000000772600000,0x0000000772600000,0x0000000772a80000)
 ParOldGen       total 167936K, used 48K [0x00000006ca600000, 0x00000006d4a00000, 0x000000076e200000)
  object space 167936K, 0% used [0x00000006ca600000,0x00000006ca60c000,0x00000006d4a00000)
 Metaspace       used 13438K, capacity 14000K, committed 14208K, reserved 1060864K
  class space    used 1752K, capacity 1908K, committed 1920K, reserved 1048576K
GC Heap History (10 events):
Event: 11.646 GC heap before
{Heap before GC invocations=1 (full 0):
 PSYoungGen      total 73728K, used 63488K [0x000000076e200000, 0x0000000773400000, 0x00000007c0000000)
  eden space 63488K, 100% used [0x000000076e200000,0x0000000772000000,0x0000000772000000)
  from space 10240K, 0% used [0x0000000772a00000,0x0000000772a00000,0x0000000773400000)
  to   space 10240K, 0% used [0x0000000772000000,0x0000000772000000,0x0000000772a00000)
 ParOldGen       total 167936K, used 0K [0x00000006ca600000, 0x00000006d4a00000, 0x000000076e200000)
  object space 167936K, 0% used [0x00000006ca600000,0x00000006ca600000,0x00000006d4a00000)
 Metaspace       used 13330K, capacity 13872K, committed 13952K, reserved 1060864K
  class space    used 1751K, capacity 1908K, committed 1920K, reserved 1048576K
Event: 11.651 GC heap after
Heap after GC invocations=1 (full 0):
 PSYoungGen      total 73728K, used 4160K [0x000000076e200000, 0x0000000773400000, 0x00000007c0000000)
  eden space 63488K, 0% used [0x000000076e200000,0x000000076e200000,0x0000000772000000)
  from space 10240K, 40% used [0x0000000772000000,0x0000000772410070,0x0000000772a00000)
  to   space 10240K, 0% used [0x0000000772a00000,0x0000000772a00000,0x0000000773400000)
 ParOldGen       total 167936K, used 16K [0x00000006ca600000, 0x00000006d4a00000, 0x000000076e200000)
  object space 167936K, 0% used [0x00000006ca600000,0x00000006ca604000,0x00000006d4a00000)
 Metaspace       used 13330K, capacity 13872K, committed 13952K, reserved 1060864K
  class space    used 1751K, capacity 1908K, committed 1920K, reserved 1048576K
}
Event: 28.045 GC heap before
{Heap before GC invocations=2 (full 0):
 PSYoungGen      total 73728K, used 67648K [0x000000076e200000, 0x0000000773400000, 0x00000007c0000000)
  eden space 63488K, 100% used [0x000000076e200000,0x0000000772000000,0x0000000772000000)
  from space 10240K, 40% used [0x0000000772000000,0x0000000772410070,0x0000000772a00000)
  to   space 10240K, 0% used [0x0000000772a00000,0x0000000772a00000,0x0000000773400000)
 ParOldGen       total 167936K, used 16K [0x00000006ca600000, 0x00000006d4a00000, 0x000000076e200000)
  object space 167936K, 0% used [0x00000006ca600000,0x00000006ca604000,0x00000006d4a00000)
 Metaspace       used 13363K, capacity 13936K, committed 13952K, reserved 1060864K
  class space    used 1751K, capacity 1908K, committed 1920K, reserved 1048576K
Event: 28.050 GC heap after
Heap after GC invocations=2 (full 0):
 PSYoungGen      total 73728K, used 4002K [0x000000076e200000, 0x0000000773400000, 0x00000007c0000000)
  eden space 63488K, 0% used [0x000000076e200000,0x000000076e200000,0x0000000772000000)
  from space 10240K, 39% used [0x0000000772a00000,0x0000000772de8ae0,0x0000000773400000)
  to   space 10240K, 0% used [0x0000000772000000,0x0000000772000000,0x0000000772a00000)
 ParOldGen       total 167936K, used 24K [0x00000006ca600000, 0x00000006d4a00000, 0x000000076e200000)
  object space 167936K, 0% used [0x00000006ca600000,0x00000006ca606000,0x00000006d4a00000)
 Metaspace       used 13363K, capacity 13936K, committed 13952K, reserved 1060864K
  class space    used 1751K, capacity 1908K, committed 1920K, reserved 1048576K
}
Event: 43.683 GC heap before
{Heap before GC invocations=3 (full 0):
 PSYoungGen      total 73728K, used 67490K [0x000000076e200000, 0x0000000773400000, 0x00000007c0000000)
  eden space 63488K, 100% used [0x000000076e200000,0x0000000772000000,0x0000000772000000)
  from space 10240K, 39% used [0x0000000772a00000,0x0000000772de8ae0,0x0000000773400000)
  to   space 10240K, 0% used [0x0000000772000000,0x0000000772000000,0x0000000772a00000)
 ParOldGen       total 167936K, used 24K [0x00000006ca600000, 0x00000006d4a00000, 0x000000076e200000)
  object space 167936K, 0% used [0x00000006ca600000,0x00000006ca606000,0x00000006d4a00000)
 Metaspace       used 13418K, capacity 13936K, committed 13952K, reserved 1060864K
  class space    used 1751K, capacity 1908K, committed 1920K, reserved 1048576K
Event: 43.688 GC heap after
Heap after GC invocations=3 (full 0):
 PSYoungGen      total 73728K, used 4082K [0x000000076e200000, 0x0000000773400000, 0x00000007c0000000)
  eden space 63488K, 0% used [0x000000076e200000,0x000000076e200000,0x0000000772000000)
  from space 10240K, 39% used [0x0000000772000000,0x00000007723fcaf0,0x0000000772a00000)
  to   space 10240K, 0% used [0x0000000772a00000,0x0000000772a00000,0x0000000773400000)
 ParOldGen       total 167936K, used 32K [0x00000006ca600000, 0x00000006d4a00000, 0x000000076e200000)
  object space 167936K, 0% used [0x00000006ca600000,0x00000006ca608000,0x00000006d4a00000)
 Metaspace       used 13418K, capacity 13936K, committed 13952K, reserved 1060864K
  class space    used 1751K, capacity 1908K, committed 1920K, reserved 1048576K
}
Event: 59.791 GC heap before
{Heap before GC invocations=4 (full 0):
 PSYoungGen      total 73728K, used 67570K [0x000000076e200000, 0x0000000773400000, 0x00000007c0000000)
  eden space 63488K, 100% used [0x000000076e200000,0x0000000772000000,0x0000000772000000)
  from space 10240K, 39% used [0x0000000772000000,0x00000007723fcaf0,0x0000000772a00000)
  to   space 10240K, 0% used [0x0000000772a00000,0x0000000772a00000,0x0000000773400000)
 ParOldGen       total 167936K, used 32K [0x00000006ca600000, 0x00000006d4a00000, 0x000000076e200000)
  object space 167936K, 0% used [0x00000006ca600000,0x00000006ca608000,0x00000006d4a00000)
 Metaspace       used 13435K, capacity 14000K, committed 14208K, reserved 1060864K
  class space    used 1752K, capacity 1908K, committed 1920K, reserved 1048576K
Event: 59.796 GC heap after
Heap after GC invocations=4 (full 0):
 PSYoungGen      total 73728K, used 4066K [0x000000076e200000, 0x0000000773400000, 0x00000007c0000000)
  eden space 63488K, 0% used [0x000000076e200000,0x000000076e200000,0x0000000772000000)
  from space 10240K, 39% used [0x0000000772a00000,0x0000000772df8ae0,0x0000000773400000)
  to   space 10240K, 0% used [0x0000000772000000,0x0000000772000000,0x0000000772a00000)
 ParOldGen       total 167936K, used 40K [0x00000006ca600000, 0x00000006d4a00000, 0x000000076e200000)
  object space 167936K, 0% used [0x00000006ca600000,0x00000006ca60a000,0x00000006d4a00000)
 Metaspace       used 13435K, capacity 14000K, committed 14208K, reserved 1060864K
  class space    used 1752K, capacity 1908K, committed 1920K, reserved 1048576K
}
Event: 75.752 GC heap before
{Heap before GC invocations=5 (full 0):
 PSYoungGen      total 73728K, used 67554K [0x000000076e200000, 0x0000000773400000, 0x00000007c0000000)
  eden space 63488K, 100% used [0x000000076e200000,0x0000000772000000,0x0000000772000000)
  from space 10240K, 39% used [0x0000000772a00000,0x0000000772df8ae0,0x0000000773400000)
  to   space 10240K, 0% used [0x0000000772000000,0x0000000772000000,0x0000000772a00000)
 ParOldGen       total 167936K, used 40K [0x00000006ca600000, 0x00000006d4a00000, 0x000000076e200000)
  object space 167936K, 0% used [0x00000006ca600000,0x00000006ca60a000,0x00000006d4a00000)
 Metaspace       used 13438K, capacity 14000K, committed 14208K, reserved 1060864K
  class space    used 1752K, capacity 1908K, committed 1920K, reserved 1048576K
Event: 75.757 GC heap after
Heap after GC invocations=5 (full 0):
 PSYoungGen      total 66048K, used 4034K [0x000000076e200000, 0x0000000772a80000, 0x00000007c0000000)
  eden space 61952K, 0% used [0x000000076e200000,0x000000076e200000,0x0000000771e80000)
  from space 4096K, 98% used [0x0000000772000000,0x00000007723f0ae0,0x0000000772400000)
  to   space 4608K, 0% used [0x0000000772600000,0x0000000772600000,0x0000000772a80000)
 ParOldGen       total 167936K, used 48K [0x00000006ca600000, 0x00000006d4a00000, 0x000000076e200000)
  object space 167936K, 0% used [0x00000006ca600000,0x00000006ca60c000,0x00000006d4a00000)
 Metaspace       used 13438K, capacity 14000K, committed 14208K, reserved 1060864K
  class space    used 1752K, capacity 1908K, committed 1920K, reserved 1048576K
}

