# JRE version: Java(TM) SE Runtime Environment (8.0_111-b14) (build 1.8.0_111-b14)
# Java VM: Java HotSpot(TM) 64-Bit Server VM (25.111-b14 mixed mode linux-amd64 compressed oops)
Heap:
 PSYoungGen      total 60416K, used 1562K [0x000000076e200000, 0x0000000772680000, 0x00000007c0000000)
  eden space 59904K, 2% used [0x000000076e200000,0x000000076e33eb30,0x0000000771c80000)
  from space 512K, 56% used [0x0000000772180000,0x00000007721c8000,0x0000000772200000)
  to   space 4608K, 0% used [0x0000000772200000,0x0000000772200000,0x0000000772680000)
 ParOldGen       total 167936K, used 4027K [0x00000006ca600000, 0x00000006d4a00000, 0x000000076e200000)
  object space 167936K, 2% used [0x00000006ca600000,0x00000006ca9eec20,0x00000006d4a00000)
 Metaspace       used 13342K, capacity 13918K, committed 14208K, reserved 1060864K
  class space    used 1709K, capacity 1873K, committed 1920K, reserved 1048576K
GC Heap History (10 events):
Event: 34.947 GC heap before
{Heap before GC invocations=3 (full 0):
 PSYoungGen      total 73728K, used 67568K [0x000000076e200000, 0x0000000773400000, 0x00000007c0000000)
  eden space 63488K, 100% used [0x000000076e200000,0x0000000772000000,0x0000000772000000)
  from space 10240K, 39% used [0x0000000772a00000,0x0000000772dfc030,0x0000000773400000)
  to   space 10240K, 0% used [0x0000000772000000,0x0000000772000000,0x0000000772a00000)
 ParOldGen       total 167936K, used 24K [0x00000006ca600000, 0x00000006d4a00000, 0x000000076e200000)
  object space 167936K, 0% used [0x00000006ca600000,0x00000006ca606000,0x00000006d4a00000)
 Metaspace       used 13269K, capacity 13854K, committed 13952K, reserved 1060864K
  class space    used 1709K, capacity 1873K, committed 1920K, reserved 1048576K
Event: 34.956 GC heap after
Heap after GC invocations=3 (full 0):
 PSYoungGen      total 73728K, used 4133K [0x000000076e200000, 0x0000000773400000, 0x00000007c0000000)
  eden space 63488K, 0% used [0x000000076e200000,0x000000076e200000,0x0000000772000000)
  from space 10240K, 40% used [0x0000000772000000,0x0000000772409540,0x0000000772a00000)
  to   space 10240K, 0% used [0x0000000772a00000,0x0000000772a00000,0x0000000773400000)
 ParOldGen       total 167936K, used 32K [0x00000006ca600000, 0x00000006d4a00000, 0x000000076e200000)
  object space 167936K, 0% used [0x00000006ca600000,0x00000006ca608000,0x00000006d4a00000)
 Metaspace       used 13269K, capacity 13854K, committed 13952K, reserved 1060864K
  class space    used 1709K, capacity 1873K, committed 1920K, reserved 1048576K
}
Event: 47.709 GC heap before
{Heap before GC invocations=4 (full 0):
 PSYoungGen      total 73728K, used 67621K [0x000000076e200000, 0x0000000773400000, 0x00000007c0000000)
  eden space 63488K, 100% used [0x000000076e200000,0x0000000772000000,0x0000000772000000)
  from space 10240K, 40% used [0x0000000772000000,0x0000000772409540,0x0000000772a00000)
  to   space 10240K, 0% used [0x0000000772a00000,0x0000000772a00000,0x0000000773400000)
 ParOldGen       total 167936K, used 32K [0x00000006ca600000, 0x00000006d4a00000, 0x000000076e200000)
  object space 167936K, 0% used [0x00000006ca600000,0x00000006ca608000,0x00000006d4a00000)
 Metaspace       used 13312K, capacity 13918K, committed 14208K, reserved 1060864K
  class space    used 1709K, capacity 1873K, committed 1920K, reserved 1048576K
Event: 47.717 GC heap after
Heap after GC invocations=4 (full 0):
 PSYoungGen      total 73728K, used 4098K [0x000000076e200000, 0x0000000773400000, 0x00000007c0000000)
  eden space 63488K, 0% used [0x000000076e200000,0x000000076e200000,0x0000000772000000)
  from space 10240K, 40% used [0x0000000772a00000,0x0000000772e00ab0,0x0000000773400000)
  to   space 10240K, 0% used [0x0000000772000000,0x0000000772000000,0x0000000772a00000)
 ParOldGen       total 167936K, used 40K [0x00000006ca600000, 0x00000006d4a00000, 0x000000076e200000)
  object space 167936K, 0% used [0x00000006ca600000,0x00000006ca60a000,0x00000006d4a00000)
 Metaspace       used 13312K, capacity 13918K, committed 14208K, reserved 1060864K
  class space    used 1709K, capacity 1873K, committed 1920K, reserved 1048576K
}
Event: 60.704 GC heap before
{Heap before GC invocations=5 (full 0):
 PSYoungGen      total 73728K, used 67586K [0x000000076e200000, 0x0000000773400000, 0x00000007c0000000)
  eden space 63488K, 100% used [0x000000076e200000,0x0000000772000000,0x0000000772000000)
  from space 10240K, 40% used [0x0000000772a00000,0x0000000772e00ab0,0x0000000773400000)
  to   space 10240K, 0% used [0x0000000772000000,0x0000000772000000,0x0000000772a00000)
 ParOldGen       total 167936K, used 40K [0x00000006ca600000, 0x00000006d4a00000, 0x000000076e200000)
  object space 167936K, 0% used [0x00000006ca600000,0x00000006ca60a000,0x00000006d4a00000)
 Metaspace       used 13319K, capacity 13918K, committed 14208K, reserved 1060864K
  class space    used 1709K, capacity 1873K, committed 1920K, reserved 1048576K
Event: 60.712 GC heap after
Heap after GC invocations=5 (full 0):
 PSYoungGen      total 66048K, used 4048K [0x000000076e200000, 0x0000000772a80000, 0x00000007c0000000)
  eden space 61952K, 0% used [0x000000076e200000,0x000000076e200000,0x0000000771e80000)
  from space 4096K, 98% used [0x0000000772000000,0x00000007723f4030,0x0000000772400000)
  to   space 4608K, 0% used [0x0000000772600000,0x0000000772600000,0x0000000772a80000)
 ParOldGen       total 167936K, used 48K [0x00000006ca600000, 0x00000006d4a00000, 0x000000076e200000)
  object space 167936K, 0% used [0x00000006ca600000,0x00000006ca60c000,0x00000006d4a00000)
 Metaspace       used 13319K, capacity 13918K, committed 14208K, reserved 1060864K
  class space    used 1709K, capacity 1873K, committed 1920K, reserved 1048576K
}
Event: 73.067 GC heap before
{Heap before GC invocations=6 (full 0):
 PSYoungGen      total 66048K, used 66000K [0x000000076e200000, 0x0000000772a80000, 0x00000007c0000000)
  eden space 61952K, 100% used [0x000000076e200000,0x0000000771e80000,0x0000000771e80000)
  from space 4096K, 98% used [0x0000000772000000,0x00000007723f4030,0x0000000772400000)
  to   space 4608K, 0% used [0x0000000772600000,0x0000000772600000,0x0000000772a80000)
 ParOldGen       total 167936K, used 48K [0x00000006ca600000, 0x00000006d4a00000, 0x000000076e200000)
  object space 167936K, 0% used [0x00000006ca600000,0x00000006ca60c000,0x00000006d4a00000)
 Metaspace       used 13325K, capacity 13918K, committed 14208K, reserved 1060864K
  class space    used 1709K, capacity 1873K, committed 1920K, reserved 1048576K
Event: 73.074 GC heap after
Heap after GC invocations=6 (full 0):
 PSYoungGen      total 65536K, used 4130K [0x000000076e200000, 0x0000000772a80000, 0x00000007c0000000)
  eden space 60928K, 0% used [0x000000076e200000,0x000000076e200000,0x0000000771d80000)
  from space 4608K, 89% used [0x0000000772600000,0x0000000772a08ab0,0x0000000772a80000)
  to   space 4608K, 0% used [0x0000000772180000,0x0000000772180000,0x0000000772600000)
 ParOldGen       total 167936K, used 56K [0x00000006ca600000, 0x00000006d4a00000, 0x000000076e200000)
  object space 167936K, 0% used [0x00000006ca600000,0x00000006ca60e000,0x00000006d4a00000)
 Metaspace       used 13325K, capacity 13918K, committed 14208K, reserved 1060864K
  class space    used 1709K, capacity 1873K, committed 1920K, reserved 1048576K
}
Event: 85.370 GC heap before
{Heap before GC invocations=7 (full 0):
 PSYoungGen      total 65536K, used 65058K [0x000000076e200000, 0x0000000772a80000, 0x00000007c0000000)
  eden space 60928K, 100% used [0x000000076e200000,0x0000000771d80000,0x0000000771d80000)
  from space 4608K, 89% used [0x0000000772600000,0x0000000772a08ab0,0x0000000772a80000)
  to   space 4608K, 0% used [0x0000000772180000,0x0000000772180000,0x0000000772600000)
 ParOldGen       total 167936K, used 56K [0x00000006ca600000, 0x00000006d4a00000, 0x000000076e200000)
  object space 167936K, 0% used [0x00000006ca600000,0x00000006ca60e000,0x00000006d4a00000)
 Metaspace       used 13342K, capacity 13918K, committed 14208K, reserved 1060864K
  class space    used 1709K, capacity 1873K, committed 1920K, reserved 1048576K
Event: 85.378 GC heap after
Heap after GC invocations=7 (full 0):
 PSYoungGen      total 60416K, used 288K [0x000000076e200000, 0x0000000772680000, 0x00000007c0000000)
  eden space 59904K, 0% used [0x000000076e200000,0x000000076e200000,0x0000000771c80000)
  from space 512K, 56% used [0x0000000772180000,0x00000007721c8000,0x0000000772200000)
  to   space 4608K, 0% used [0x0000000772200000,0x0000000772200000,0x0000000772680000)
 ParOldGen       total 167936K, used 4027K [0x00000006ca600000, 0x00000006d4a00000, 0x000000076e200000)
  object space 167936K, 2% used [0x00000006ca600000,0x00000006ca9eec20,0x00000006d4a00000)
 Metaspace       used 13342K, capacity 13918K, committed 14208K, reserved 1060864K
  class space    used 1709K, capacity 1873K, committed 1920K, reserved 1048576K
}

