# JRE version: Java(TM) SE Runtime Environment (8.0_111-b14) (build 1.8.0_111-b14)
# Java VM: Java HotSpot(TM) 64-Bit Server VM (25.111-b14 mixed mode linux-amd64 compressed oops)
Heap:
 PSYoungGen      total 66560K, used 5546K [0x000000076e200000, 0x0000000772a80000, 0x00000007c0000000)
  eden space 61952K, 2% used [0x000000076e200000,0x000000076e3653e8,0x0000000771e80000)
  from space 4608K, 89% used [0x0000000772000000,0x0000000772405530,0x0000000772480000)
  to   space 4608K, 0% used [0x0000000772600000,0x0000000772600000,0x0000000772a80000)
 ParOldGen       total 167936K, used 48K [0x00000006ca600000, 0x00000006d4a00000, 0x000000076e200000)
  object space 167936K, 0% used [0x00000006ca600000,0x00000006ca60c000,0x00000006d4a00000)
 Metaspace       used 13455K, capacity 13978K, committed 14208K, reserved 1060864K
  class space    used 1708K, capacity 1873K, committed 1920K, reserved 1048576K
GC Heap History (10 events):
Event: 11.727 GC heap before
{Heap before GC invocations=1 (full 0):
 PSYoungGen      total 73728K, used 63488K [0x000000076e200000, 0x0000000773400000, 0x00000007c0000000)
  eden space 63488K, 100% used [0x000000076e200000,0x0000000772000000,0x0000000772000000)
  from space 10240K, 0% used [0x0000000772a00000,0x0000000772a00000,0x0000000773400000)
  to   space 10240K, 0% used [0x0000000772000000,0x0000000772000000,0x0000000772a00000)
 ParOldGen       total 167936K, used 0K [0x00000006ca600000, 0x00000006d4a00000, 0x000000076e200000)
  object space 167936K, 0% used [0x00000006ca600000,0x00000006ca600000,0x00000006d4a00000)
 Metaspace       used 13187K, capacity 13786K, committed 13952K, reserved 1060864K
  class space    used 1707K, capacity 1873K, committed 1920K, reserved 1048576K
Event: 11.739 GC heap after
Heap after GC invocations=1 (full 0):
 PSYoungGen      total 73728K, used 4197K [0x000000076e200000, 0x0000000773400000, 0x00000007c0000000)
  eden space 63488K, 0% used [0x000000076e200000,0x000000076e200000,0x0000000772000000)
  from space 10240K, 40% used [0x0000000772000000,0x0000000772419540,0x0000000772a00000)
  to   space 10240K, 0% used [0x0000000772a00000,0x0000000772a00000,0x0000000773400000)
 ParOldGen       total 167936K, used 16K [0x00000006ca600000, 0x00000006d4a00000, 0x000000076e200000)
  object space 167936K, 0% used [0x00000006ca600000,0x00000006ca604000,0x00000006d4a00000)
 Metaspace       used 13187K, capacity 13786K, committed 13952K, reserved 1060864K
  class space    used 1707K, capacity 1873K, committed 1920K, reserved 1048576K
}
Event: 21.577 GC heap before
{Heap before GC invocations=2 (full 0):
 PSYoungGen      total 73728K, used 67685K [0x000000076e200000, 0x0000000773400000, 0x00000007c0000000)
  eden space 63488K, 100% used [0x000000076e200000,0x0000000772000000,0x0000000772000000)
  from space 10240K, 40% used [0x0000000772000000,0x0000000772419540,0x0000000772a00000)
  to   space 10240K, 0% used [0x0000000772a00000,0x0000000772a00000,0x0000000773400000)
 ParOldGen       total 167936K, used 16K [0x00000006ca600000, 0x00000006d4a00000, 0x000000076e200000)
  object space 167936K, 0% used [0x00000006ca600000,0x00000006ca604000,0x00000006d4a00000)
 Metaspace       used 13404K, capacity 13978K, committed 14208K, reserved 1060864K
  class space    used 1708K, capacity 1873K, committed 1920K, reserved 1048576K
Event: 21.586 GC heap after
Heap after GC invocations=2 (full 0):
 PSYoungGen      total 73728K, used 4080K [0x000000076e200000, 0x0000000773400000, 0x00000007c0000000)
  eden space 63488K, 0% used [0x000000076e200000,0x000000076e200000,0x0000000772000000)
  from space 10240K, 39% used [0x0000000772a00000,0x0000000772dfc030,0x0000000773400000)
  to   space 10240K, 0% used [0x0000000772000000,0x0000000772000000,0x0000000772a00000)
 ParOldGen       total 167936K, used 24K [0x00000006ca600000, 0x00000006d4a00000, 0x000000076e200000)
  object space 167936K, 0% used [0x00000006ca600000,0x00000006ca606000,0x00000006d4a00000)
 Metaspace       used 13404K, capacity 13978K, committed 14208K, reserved 1060864K
  class space    used 1708K, capacity 1873K, committed 1920K, reserved 1048576K
}
Event: 31.192 GC heap before
{Heap before GC invocations=3 (full 0):
 PSYoungGen      total 73728K, used 67568K [0x000000076e200000, 0x0000000773400000, 0x00000007c0000000)
  eden space 63488K, 100% used [0x000000076e200000,0x0000000772000000,0x0000000772000000)
  from space 10240K, 39% used [0x0000000772a00000,0x0000000772dfc030,0x0000000773400000)
  to   space 10240K, 0% used [0x0000000772000000,0x0000000772000000,0x0000000772a00000)
 ParOldGen       total 167936K, used 24K [0x00000006ca600000, 0x00000006d4a00000, 0x000000076e200000)
  object space 167936K, 0% used [0x00000006ca600000,0x00000006ca606000,0x00000006d4a00000)
 Metaspace       used 13428K, capacity 13978K, committed 14208K, reserved 1060864K
  class space    used 1708K, capacity 1873K, committed 1920K, reserved 1048576K
Event: 31.198 GC heap after
Heap after GC invocations=3 (full 0):
 PSYoungGen      total 73728K, used 4144K [0x000000076e200000, 0x0000000773400000, 0x00000007c0000000)
  eden space 63488K, 0% used [0x000000076e200000,0x000000076e200000,0x0000000772000000)
  from space 10240K, 40% used [0x0000000772000000,0x000000077240c030,0x0000000772a00000)
  to   space 10240K, 0% used [0x0000000772a00000,0x0000000772a00000,0x0000000773400000)
 ParOldGen       total 167936K, used 32K [0x00000006ca600000, 0x00000006d4a00000, 0x000000076e200000)
  object space 167936K, 0% used [0x00000006ca600000,0x00000006ca608000,0x00000006d4a00000)
 Metaspace       used 13428K, capacity 13978K, committed 14208K, reserved 1060864K
  class space    used 1708K, capacity 1873K, committed 1920K, reserved 1048576K
}
Event: 40.730 GC heap before
{Heap before GC invocations=4 (full 0):
 PSYoungGen      total 73728K, used 67632K [0x000000076e200000, 0x0000000773400000, 0x00000007c0000000)
  eden space 63488K, 100% used [0x000000076e200000,0x0000000772000000,0x0000000772000000)
  from space 10240K, 40% used [0x0000000772000000,0x000000077240c030,0x0000000772a00000)
  to   space 10240K, 0% used [0x0000000772a00000,0x0000000772a00000,0x0000000773400000)
 ParOldGen       total 167936K, used 32K [0x00000006ca600000, 0x00000006d4a00000, 0x000000076e200000)
  object space 167936K, 0% used [0x00000006ca600000,0x00000006ca608000,0x00000006d4a00000)
 Metaspace       used 13436K, capacity 13978K, committed 14208K, reserved 1060864K
  class space    used 1708K, capacity 1873K, committed 1920K, reserved 1048576K
Event: 40.737 GC heap after
Heap after GC invocations=4 (full 0):
 PSYoungGen      total 73728K, used 4128K [0x000000076e200000, 0x0000000773400000, 0x00000007c0000000)
  eden space 63488K, 0% used [0x000000076e200000,0x000000076e200000,0x0000000772000000)
  from space 10240K, 40% used [0x0000000772a00000,0x0000000772e08040,0x0000000773400000)
  to   space 10240K, 0% used [0x0000000772000000,0x0000000772000000,0x0000000772a00000)
 ParOldGen       total 167936K, used 40K [0x00000006ca600000, 0x00000006d4a00000, 0x000000076e200000)
  object space 167936K, 0% used [0x00000006ca600000,0x00000006ca60a000,0x00000006d4a00000)
 Metaspace       used 13436K, capacity 13978K, committed 14208K, reserved 1060864K
  class space    used 1708K, capacity 1873K, committed 1920K, reserved 1048576K
}
Event: 51.756 GC heap before
{Heap before GC invocations=5 (full 0):
 PSYoungGen      total 73728K, used 67616K [0x000000076e200000, 0x0000000773400000, 0x00000007c0000000)
  eden space 63488K, 100% used [0x000000076e200000,0x0000000772000000,0x0000000772000000)
  from space 10240K, 40% used [0x0000000772a00000,0x0000000772e08040,0x0000000773400000)
  to   space 10240K, 0% used [0x0000000772000000,0x0000000772000000,0x0000000772a00000)
 ParOldGen       total 167936K, used 40K [0x00000006ca600000, 0x00000006d4a00000, 0x000000076e200000)
  object space 167936K, 0% used [0x00000006ca600000,0x00000006ca60a000,0x00000006d4a00000)
 Metaspace       used 13455K, capacity 13978K, committed 14208K, reserved 1060864K
  class space    used 1708K, capacity 1873K, committed 1920K, reserved 1048576K
Event: 51.766 GC heap after
Heap after GC invocations=5 (full 0):
 PSYoungGen      total 66560K, used 4117K [0x000000076e200000, 0x0000000772a80000, 0x00000007c0000000)
  eden space 61952K, 0% used [0x000000076e200000,0x000000076e200000,0x0000000771e80000)
  from space 4608K, 89% used [0x0000000772000000,0x0000000772405530,0x0000000772480000)
  to   space 4608K, 0% used [0x0000000772600000,0x0000000772600000,0x0000000772a80000)
 ParOldGen       total 167936K, used 48K [0x00000006ca600000, 0x00000006d4a00000, 0x000000076e200000)
  object space 167936K, 0% used [0x00000006ca600000,0x00000006ca60c000,0x00000006d4a00000)
 Metaspace       used 13455K, capacity 13978K, committed 14208K, reserved 1060864K
  class space    used 1708K, capacity 1873K, committed 1920K, reserved 1048576K
}

